[02:45:28] [main/INFO]: Environment: authHost='https://authserver.mojang.com', accountsHost='https://api.mojang.com', sessionHost='https://sessionserver.mojang.com', servicesHost='https://api.minecraftservices.com', name='PROD'
[02:45:28] [main/INFO]: Reloading ResourceManager: Default, bukkit
[02:45:29] [Worker-Main-2/INFO]: Loaded 7 recipes
[02:45:30] [Server thread/INFO]: Starting minecraft server version 1.16.5
[02:45:30] [Server thread/INFO]: Loading properties
[02:45:30] [Server thread/INFO]: This server is running Paper version git-Paper-794 (MC: 1.16.5) (Implementing API version 1.16.5-R0.1-SNAPSHOT)
[02:45:30] [Server thread/INFO]: Debug logging is disabled
[02:45:30] [Server thread/INFO]: Using 4 threads for Netty based IO
[02:45:30] [Server thread/INFO]: Server Ping Player Sample Count: 12
[02:45:30] [Server thread/INFO]: Default game type: SURVIVAL
[02:45:30] [Server thread/INFO]: Generating keypair
[02:45:30] [Server thread/INFO]: Starting Minecraft server on *:25565
[02:45:30] [Server thread/INFO]: Using epoll channel type
[02:45:31] [Server thread/INFO]: Server permissions file permissions.yml is empty, ignoring it
[02:45:31] [Server thread/WARN]: **** SERVER IS RUNNING IN OFFLINE/INSECURE MODE!
[02:45:31] [Server thread/WARN]: The server will make no attempt to authenticate usernames. Beware.
[02:45:31] [Server thread/WARN]: While this makes the game possible to play without internet access, it also opens up the ability for hackers to connect with any username they choose.
[02:45:31] [Server thread/WARN]: To change this, set "online-mode" to "true" in the server.properties file.
[02:45:31] [Server thread/INFO]: Preparing level "world"
[02:45:31] [Server thread/INFO]: Preparing start region for dimension minecraft:overworld
[02:45:31] [Server thread/INFO]: Preparing spawn area: 0%
[02:45:32] [Server thread/INFO]: Preparing spawn area: 9%
[02:45:32] [Server thread/INFO]: Preparing spawn area: 78%
[02:45:32] [Server thread/INFO]: Time elapsed: 1075 ms
[02:45:32] [Server thread/INFO]: Preparing start region for dimension minecraft:the_nether
[02:45:32] [Server thread/INFO]: Preparing spawn area: 0%
[02:45:32] [Server thread/INFO]: Time elapsed: 296 ms
[02:45:32] [Server thread/INFO]: Preparing start region for dimension minecraft:the_end
[02:45:32] [Server thread/INFO]: Time elapsed: 183 ms
[02:45:32] [Server thread/INFO]: Running delayed init tasks
[02:45:32] [Server thread/INFO]: Done (2.458s)! For help, type "help"
[02:45:32] [Server thread/WARN]: [io.papermc.paper.util.PaperJvmChecker] ************************************************************
[02:45:32] [Server thread/WARN]: [io.papermc.paper.util.PaperJvmChecker] * WARNING - YOU ARE RUNNING AN OUTDATED VERSION OF JAVA.
[02:45:32] [Server thread/WARN]: [io.papermc.paper.util.PaperJvmChecker] * PAPER WILL STOP BEING COMPATIBLE WITH THIS VERSION OF
[02:45:32] [Server thread/WARN]: [io.papermc.paper.util.PaperJvmChecker] * JAVA WHEN MINECRAFT 1.17 IS RELEASED.
[02:45:32] [Server thread/WARN]: [io.papermc.paper.util.PaperJvmChecker] *
[02:45:32] [Server thread/WARN]: [io.papermc.paper.util.PaperJvmChecker] * Please update the version of Java you use to run Paper
[02:45:32] [Server thread/WARN]: [io.papermc.paper.util.PaperJvmChecker] * to at least Java 16. When Paper for Minecraft 1.17 is
[02:45:32] [Server thread/WARN]: [io.papermc.paper.util.PaperJvmChecker] * released support for versions of Java before 16 will
[02:45:32] [Server thread/WARN]: [io.papermc.paper.util.PaperJvmChecker] * be dropped.
[02:45:32] [Server thread/WARN]: [io.papermc.paper.util.PaperJvmChecker] *
[02:45:32] [Server thread/WARN]: [io.papermc.paper.util.PaperJvmChecker] * Current Java version: 11.0.25
[02:45:32] [Server thread/WARN]: [io.papermc.paper.util.PaperJvmChecker] *
[02:45:32] [Server thread/WARN]: [io.papermc.paper.util.PaperJvmChecker] * Check this forum post for more information: 
[02:45:32] [Server thread/WARN]: [io.papermc.paper.util.PaperJvmChecker] *   https://papermc.io/java16
[02:45:32] [Server thread/WARN]: [io.papermc.paper.util.PaperJvmChecker] ************************************************************
[02:45:32] [Server thread/INFO]: Timings Reset
